This is pdfeTeX, Version 3.141592-1.21a-2.2 (Web2C 7.5.4) (format=latex 2012.11.8)  30 AUG 2013 15:39
entering extended mode
**everypage.ins
(./everypage.ins
LaTeX2e <2003/12/01>
Babel <v3.8d> and hyphenation patterns for american, french, german, ngerman, b
ahasa, basque, bulgarian, catalan, croatian, czech, danish, dutch, esperanto, e
stonian, finnish, greek, icelandic, irish, italian, latin, magyar, norsk, polis
h, portuges, romanian, russian, serbian, slovak, slovene, spanish, swedish, tur
kish, ukrainian, nohyphenation, loaded.
(/usr/share/texmf/tex/latex/base/docstrip.tex
\blockLevel=\count79
\emptyLines=\count80
\processedLines=\count81
\commentsRemoved=\count82
\commentsPassed=\count83
\codeLinesPassed=\count84
\TotalprocessedLines=\count85
\TotalcommentsRemoved=\count86
\TotalcommentsPassed=\count87
\TotalcodeLinesPassed=\count88
\NumberOfFiles=\count89
\inFile=\read1
\inputcheck=\read2
\off@0=\count90
\off@1=\count91
\off@2=\count92
\off@3=\count93
\off@4=\count94
\off@5=\count95
\off@6=\count96
\off@7=\count97
\off@8=\count98
\off@9=\count99
\off@10=\count100
\off@11=\count101
\off@12=\count102
\off@13=\count103
\off@14=\count104
\off@15=\count105
\@maxfiles=\count106
\@maxoutfiles=\count107

Utility: `docstrip' 2.5c <2003/09/18>
English documentation    <1999/03/31>

**********************************************************
* This program converts documented macro-files into fast *
* loadable files by stripping off (nearly) all comments! *
**********************************************************

********************************************************
* No Configuration file found, using default settings. *
********************************************************

)
*** Generating the LaTeX2e package files ***
File ./everypage.sty already exists on the system.
Overwrite it? [y/n]
\answer=y

Generating file(s) ./everypage.sty 
\openout0 = `./everypage.sty'.


Processing file everypage.dtx -> everypage.sty
File everypage.dtx ended by \endinput.
Lines  processed: 232
Comments removed: 195
Comments  passed: 0
Codelines passed: 35

***********************************************************
*
* To finish the installation you have to move the following
* file(s) into a directory searched by TeX:
*
*   everypage.sty
*
*
* To produce the documentation run the files ending with
* `.dtx' through LaTeX (or maybe pdfLaTeX).
* Process any name.idx file by:
*     makeindex -s gind.ist name
* Process any name.glo file by:
*     makeindex -s gglo.ist -o name.gls name.glo
* Re run through LaTeX the .dtx files as necessary
*
***********************************************************
 ) 
Here is how much of TeX's memory you used:
 305 strings out of 94501
 3105 string characters out of 1176789
 53415 words of memory out of 1000000
 3567 multiletter control sequences out of 10000+50000
 3640 words of font info for 14 fonts, out of 500000 for 2000
 580 hyphenation exceptions out of 1000
 11i,0n,15p,148b,111s stack positions out of 1500i,500n,5000p,200000b,5000s

No pages of output.
